<?xml version="1.0" encoding="UTF-8"?>
<!-- Generated by org.testng.reporters.JUnitReportReporter -->
<testsuite hostname="Shital" failures="0" tests="3" name="com.SwagLab.Testcases.LoginTest" time="1.749" errors="0" timestamp="2024-11-28T15:00:03 IST" skipped="0">
  <testcase classname="com.SwagLab.Testcases.LoginTest" name="validateurl" time="0.034"/>
  <testcase classname="com.SwagLab.Testcases.LoginTest" name="validateTilte" time="0.023"/>
  <testcase classname="com.SwagLab.Testcases.LoginTest" name="validateLogin" time="1.692"/>
</testsuite> <!-- com.SwagLab.Testcases.LoginTest -->
