<?xml version="1.0" encoding="UTF-8"?>
<!-- Generated by org.testng.reporters.JUnitReportReporter -->
<testsuite hostname="Shital" failures="0" tests="3" name="com.SwagLab.Testcases.CartTest" time="3.778" errors="0" timestamp="2024-12-02T12:21:49 IST" skipped="0">
  <testcase classname="com.SwagLab.Testcases.CartTest" name="validateProductRemove" time="0.104"/>
  <testcase classname="com.SwagLab.Testcases.CartTest" name="validateContinueShopping" time="3.467"/>
  <testcase classname="com.SwagLab.Testcases.CartTest" name="validateLaunchingOfCheckOutPage" time="0.207"/>
</testsuite> <!-- com.SwagLab.Testcases.CartTest -->
