<?xml version="1.0" encoding="UTF-8"?>
<!-- Generated by org.testng.reporters.JUnitReportReporter -->
<testsuite hostname="Shital" failures="0" tests="2" name="com.SwagLab.Testcases.InventoryTest" time="0.188" errors="0" timestamp="2024-12-02T11:21:44 IST" skipped="0">
  <testcase classname="com.SwagLab.Testcases.InventoryTest" name="validateTotalProduct" time="0.030"/>
  <testcase classname="com.SwagLab.Testcases.InventoryTest" name="ValidateaddtoCartProduct" time="0.158"/>
</testsuite> <!-- com.SwagLab.Testcases.InventoryTest -->
