<?xml version="1.0" encoding="UTF-8"?>
<!-- Generated by org.testng.reporters.JUnitReportReporter -->
<testsuite hostname="Shital" failures="0" tests="1" name="com.SwagLab.Testcases.CheckoutTest" time="0.313" errors="0" timestamp="2024-12-02T13:39:46 IST" skipped="0">
  <testcase classname="com.SwagLab.Testcases.CheckoutTest" name="validatefilldata" time="0.313"/>
</testsuite> <!-- com.SwagLab.Testcases.CheckoutTest -->
