<?xml version="1.0" encoding="UTF-8"?>
<!-- Generated by org.testng.reporters.JUnitReportReporter -->
<testsuite hostname="Shital" failures="0" tests="1" name="com.SwagLab.Testcases.FinishTest" time="0.091" errors="0" timestamp="2024-12-02T18:48:50 IST" skipped="0">
  <testcase classname="com.SwagLab.Testcases.FinishTest" name="validateFinishpage" time="0.091"/>
</testsuite> <!-- com.SwagLab.Testcases.FinishTest -->
