<?xml version="1.0" encoding="UTF-8"?>
<!-- Generated by org.testng.reporters.JUnitReportReporter -->
<testsuite hostname="Shital" failures="0" tests="3" name="com.SwagLab.Testcases.CheckoutoverviewTest" time="0.293" errors="0" timestamp="2024-12-02T14:24:01 IST" skipped="0">
  <testcase classname="com.SwagLab.Testcases.CheckoutoverviewTest" name="Validateprodquantity" time="0.033"/>
  <testcase classname="com.SwagLab.Testcases.CheckoutoverviewTest" name="Validategetpayinfo" time="0.026"/>
  <testcase classname="com.SwagLab.Testcases.CheckoutoverviewTest" name="validatelaunchfinishpage" time="0.234"/>
</testsuite> <!-- com.SwagLab.Testcases.CheckoutoverviewTest -->
