<?xml version="1.0" encoding="UTF-8"?>
<!-- Generated by org.testng.reporters.JUnitReportReporter -->
<testsuite hostname="Shital" failures="0" tests="3" name="com.SwagLab.Testcases.CartTest" time="5.073" errors="0" timestamp="2024-12-03T12:20:35 IST" skipped="0">
  <testcase classname="com.SwagLab.Testcases.CartTest" name="validateProductRemove" time="0.109"/>
  <testcase classname="com.SwagLab.Testcases.CartTest" name="validateContinueShopping" time="4.609"/>
  <testcase classname="com.SwagLab.Testcases.CartTest" name="validateLaunchingOfCheckOutPage" time="0.355"/>
</testsuite> <!-- com.SwagLab.Testcases.CartTest -->
