<?xml version="1.0" encoding="UTF-8"?>
<!-- Generated by org.testng.reporters.JUnitReportReporter -->
<testsuite hostname="Shital" failures="0" tests="3" name="com.SwagLab.Testcases.InventoryTest" time="0.733" errors="0" timestamp="2024-12-03T12:20:35 IST" skipped="0">
  <testcase classname="com.SwagLab.Testcases.InventoryTest" name="validateTotalProduct" time="0.040"/>
  <testcase classname="com.SwagLab.Testcases.InventoryTest" name="validateAddTocartFeature" time="0.488"/>
  <testcase classname="com.SwagLab.Testcases.InventoryTest" name="validateLaunchingOfCartPage" time="0.205"/>
</testsuite> <!-- com.SwagLab.Testcases.InventoryTest -->
