<?xml version="1.0" encoding="UTF-8"?>
<!-- Generated by org.testng.reporters.JUnitReportReporter -->
<testsuite hostname="Shital" failures="0" tests="1" name="com.SwagLab.Testcases.FinishTest" time="0.040" errors="0" timestamp="2024-12-03T12:20:35 IST" skipped="0">
  <testcase classname="com.SwagLab.Testcases.FinishTest" name="validateFinishpage" time="0.040"/>
</testsuite> <!-- com.SwagLab.Testcases.FinishTest -->
